<?xml version="1.0" encoding="UTF-8"?>
<!-- Generated by org.testng.reporters.JUnitReportReporter -->
<testsuite hostname="PNVL38" name="Selenium.BT1TestLogin" tests="6" failures="0" timestamp="10 Jan 2022 06:36:43 GMT" time="15.106" errors="0">
  <testcase name="TC_04_Register_Password_Less_Than_6_Chars" time="1.483" classname="Selenium.BT1TestLogin"/>
  <testcase name="TC_05_Register_Incorrect_Password" time="1.474" classname="Selenium.BT1TestLogin"/>
  <testcase name="TC02_Register_Invalid_Email" time="1.563" classname="Selenium.BT1TestLogin"/>
  <testcase name="TC_06_Register_Invalid_Phone" time="1.946" classname="Selenium.BT1TestLogin"/>
  <testcase name="TC01_Register_Empty" time="6.481" classname="Selenium.BT1TestLogin"/>
  <testcase name="TC_03_Register_Incorrect_Email" time="2.159" classname="Selenium.BT1TestLogin"/>
</testsuite> <!-- Selenium.BT1TestLogin -->
